build/app/intermediates/manifest_merge_blame_file/release/manifest-merger-blame-release-report.txt
1<?xml version="1.0" encoding="utf-8"?>
2<manifest xmlns:android="http://schemas.android.com/apk/res/android"
3    package="com.mycompany.azureai"
4    android:versionCode="1"
5    android:versionName="1.0.0" >
6
7    <uses-sdk
8        android:minSdkVersion="21"
8-->src/main/AndroidManifest.xml
9        android:targetSdkVersion="34" />
9-->src/main/AndroidManifest.xml
10
11    <uses-permission android:name="android.permission.INTERNET" />
11-->src/main/AndroidManifest.xml:4:5-66
11-->src/main/AndroidManifest.xml:4:22-64
12    <uses-permission android:name="android.permission.CAMERA" />
12-->src/main/AndroidManifest.xml:5:5-64
12-->src/main/AndroidManifest.xml:5:22-62
13    <uses-permission
13-->src/main/AndroidManifest.xml:6:5-80
14        android:name="android.permission.READ_EXTERNAL_STORAGE"
14-->src/main/AndroidManifest.xml:6:22-77
15        android:maxSdkVersion="32" />
15-->[:file_picker] AndroidManifest.xml:11:9-35
16    <uses-permission android:name="android.permission.WRITE_EXTERNAL_STORAGE" />
16-->src/main/AndroidManifest.xml:7:5-81
16-->src/main/AndroidManifest.xml:7:22-78
17    <uses-permission android:name="android.permission.RECORD_AUDIO" />
17-->src/main/AndroidManifest.xml:8:5-71
17-->src/main/AndroidManifest.xml:8:22-68
18    <uses-permission android:name="android.permission." />
18-->src/main/AndroidManifest.xml:10:5-58
18-->src/main/AndroidManifest.xml:10:22-56
19    <uses-permission android:name="android.permission.MODIFY_AUDIO_SETTINGS" />
19-->src/main/AndroidManifest.xml:11:5-79
19-->src/main/AndroidManifest.xml:11:22-77
20
21    <queries>
21-->[:file_picker] AndroidManifest.xml:13:5-19:15
22        <intent>
22-->[:file_picker] AndroidManifest.xml:14:9-18:18
23            <action android:name="android.intent.action.GET_CONTENT" />
23-->[:file_picker] AndroidManifest.xml:15:13-72
23-->[:file_picker] AndroidManifest.xml:15:21-69
24
25            <data android:mimeType="*/*" />
25-->src/main/AndroidManifest.xml:53:17-77
26        </intent>
27    </queries>
28
29    <uses-permission android:name="android.permission.ACCESS_NETWORK_STATE" />
29-->[com.google.firebase:firebase-auth:22.3.1] AndroidManifest.xml:26:5-79
29-->[com.google.firebase:firebase-auth:22.3.1] AndroidManifest.xml:26:22-76
30    <uses-permission android:name="com.google.android.providers.gsf.permission.READ_GSERVICES" />
30-->[com.google.android.recaptcha:recaptcha:18.4.0] AndroidManifest.xml:9:5-98
30-->[com.google.android.recaptcha:recaptcha:18.4.0] AndroidManifest.xml:9:22-95
31
32    <permission
32-->[androidx.core:core:1.10.1] AndroidManifest.xml:22:5-24:47
33        android:name="com.mycompany.azureai.DYNAMIC_RECEIVER_NOT_EXPORTED_PERMISSION"
33-->[androidx.core:core:1.10.1] AndroidManifest.xml:23:9-81
34        android:protectionLevel="signature" />
34-->[androidx.core:core:1.10.1] AndroidManifest.xml:24:9-44
35
36    <uses-permission android:name="com.mycompany.azureai.DYNAMIC_RECEIVER_NOT_EXPORTED_PERMISSION" />
36-->[androidx.core:core:1.10.1] AndroidManifest.xml:26:5-97
36-->[androidx.core:core:1.10.1] AndroidManifest.xml:26:22-94
37
38    <application
38-->src/main/AndroidManifest.xml:12:5-66:19
39        android:appComponentFactory="androidx.core.app.CoreComponentFactory"
39-->[androidx.core:core:1.10.1] AndroidManifest.xml:28:18-86
40        android:icon="@mipmap/ic_launcher"
40-->src/main/AndroidManifest.xml:15:9-43
41        android:label="Azure AI"
41-->src/main/AndroidManifest.xml:13:9-33
42        android:requestLegacyExternalStorage="true" >
42-->src/main/AndroidManifest.xml:16:9-52
43        <activity
43-->src/main/AndroidManifest.xml:18:9-56:20
44            android:name="com.mycompany.azureai.MainActivity"
44-->src/main/AndroidManifest.xml:19:13-41
45            android:configChanges="orientation|keyboardHidden|keyboard|screenSize|smallestScreenSize|locale|layoutDirection|fontScale|screenLayout|density|uiMode"
45-->src/main/AndroidManifest.xml:23:13-163
46            android:exported="true"
46-->src/main/AndroidManifest.xml:20:13-36
47            android:hardwareAccelerated="true"
47-->src/main/AndroidManifest.xml:24:13-47
48            android:launchMode="singleTop"
48-->src/main/AndroidManifest.xml:21:13-43
49            android:theme="@style/LaunchTheme"
49-->src/main/AndroidManifest.xml:22:13-47
50            android:windowSoftInputMode="adjustResize" >
50-->src/main/AndroidManifest.xml:25:13-55
51
52            <!--
53                 Specifies an Android theme to apply to this Activity as soon as
54                 the Android process has started. This theme is visible to the user
55                 while the Flutter UI initializes. After that, this theme continues
56                 to determine the Window background behind the Flutter UI.
57            -->
58            <meta-data
58-->src/main/AndroidManifest.xml:30:13-33:17
59                android:name="io.flutter.embedding.android.NormalTheme"
59-->src/main/AndroidManifest.xml:31:15-70
60                android:resource="@style/NormalTheme" />
60-->src/main/AndroidManifest.xml:32:15-52
61            <!--
62                 Displays an Android View that continues showing the launch screen
63                 Drawable until Flutter paints its first frame, then this splash
64                 screen fades out. A splash screen is useful to avoid any visual
65                 gap between the end of Android's launch screen and the painting of
66                 Flutter's first frame.
67            -->
68            <meta-data
68-->src/main/AndroidManifest.xml:39:13-42:17
69                android:name="io.flutter.embedding.android.SplashScreenDrawable"
69-->src/main/AndroidManifest.xml:40:15-79
70                android:resource="@drawable/launch_background" />
70-->src/main/AndroidManifest.xml:41:15-61
71
72            <intent-filter>
72-->src/main/AndroidManifest.xml:43:13-46:29
73                <action android:name="android.intent.action.MAIN" />
73-->src/main/AndroidManifest.xml:44:17-68
73-->src/main/AndroidManifest.xml:44:25-66
74
75                <category android:name="android.intent.category.LAUNCHER" />
75-->src/main/AndroidManifest.xml:45:17-76
75-->src/main/AndroidManifest.xml:45:27-74
76            </intent-filter>
77            <!-- Deep linking -->
78            <meta-data
78-->src/main/AndroidManifest.xml:48:13-90
79                android:name="flutter_deeplinking_enabled"
79-->src/main/AndroidManifest.xml:48:24-66
80                android:value="true" />
80-->src/main/AndroidManifest.xml:48:67-87
81
82            <intent-filter android:autoVerify="true" >
82-->src/main/AndroidManifest.xml:49:13-54:29
82-->src/main/AndroidManifest.xml:49:28-53
83                <action android:name="android.intent.action.VIEW" />
83-->src/main/AndroidManifest.xml:50:17-69
83-->src/main/AndroidManifest.xml:50:25-66
84
85                <category android:name="android.intent.category.DEFAULT" />
85-->src/main/AndroidManifest.xml:51:17-76
85-->src/main/AndroidManifest.xml:51:27-73
86                <category android:name="android.intent.category.BROWSABLE" />
86-->src/main/AndroidManifest.xml:52:17-78
86-->src/main/AndroidManifest.xml:52:27-75
87
88                <data
88-->src/main/AndroidManifest.xml:53:17-77
89                    android:host="azureai.com"
89-->src/main/AndroidManifest.xml:53:48-74
90                    android:scheme="azureai" />
90-->src/main/AndroidManifest.xml:53:23-47
91            </intent-filter>
92        </activity>
93
94        <!--
95             Don't delete the meta-data below.
96             This is used by the Flutter tool to generate GeneratedPluginRegistrant.java
97        -->
98        <meta-data
98-->src/main/AndroidManifest.xml:60:9-62:33
99            android:name="flutterEmbedding"
99-->src/main/AndroidManifest.xml:61:13-44
100            android:value="2" />
100-->src/main/AndroidManifest.xml:62:13-30
101
102        <service
102-->[:firebase_performance] AndroidManifest.xml:12:9-16:19
103            android:name="com.google.firebase.components.ComponentDiscoveryService"
103-->[:firebase_performance] AndroidManifest.xml:12:18-89
104            android:directBootAware="true"
104-->[com.google.firebase:firebase-common:20.4.2] AndroidManifest.xml:32:13-43
105            android:exported="false" >
105-->[com.google.firebase:firebase-perf:20.5.1] AndroidManifest.xml:13:13-37
106            <meta-data
106-->[:firebase_performance] AndroidManifest.xml:13:13-15:85
107                android:name="com.google.firebase.components:io.flutter.plugins.firebase.performance.FlutterFirebaseAppRegistrar"
107-->[:firebase_performance] AndroidManifest.xml:14:17-130
108                android:value="com.google.firebase.components.ComponentRegistrar" />
108-->[:firebase_performance] AndroidManifest.xml:15:17-82
109            <meta-data
109-->[:cloud_firestore] AndroidManifest.xml:11:13-13:85
110                android:name="com.google.firebase.components:io.flutter.plugins.firebase.firestore.FlutterFirebaseFirestoreRegistrar"
110-->[:cloud_firestore] AndroidManifest.xml:12:17-134
111                android:value="com.google.firebase.components.ComponentRegistrar" />
111-->[:cloud_firestore] AndroidManifest.xml:13:17-82
112            <meta-data
112-->[:firebase_auth] AndroidManifest.xml:11:13-13:85
113                android:name="com.google.firebase.components:io.flutter.plugins.firebase.auth.FlutterFirebaseAuthRegistrar"
113-->[:firebase_auth] AndroidManifest.xml:12:17-124
114                android:value="com.google.firebase.components.ComponentRegistrar" />
114-->[:firebase_auth] AndroidManifest.xml:13:17-82
115            <meta-data
115-->[:firebase_storage] AndroidManifest.xml:11:13-13:85
116                android:name="com.google.firebase.components:io.flutter.plugins.firebase.storage.FlutterFirebaseAppRegistrar"
116-->[:firebase_storage] AndroidManifest.xml:12:17-126
117                android:value="com.google.firebase.components.ComponentRegistrar" />
117-->[:firebase_storage] AndroidManifest.xml:13:17-82
118            <meta-data
118-->[:firebase_core] AndroidManifest.xml:11:13-13:85
119                android:name="com.google.firebase.components:io.flutter.plugins.firebase.core.FlutterFirebaseCoreRegistrar"
119-->[:firebase_core] AndroidManifest.xml:12:17-124
120                android:value="com.google.firebase.components.ComponentRegistrar" />
120-->[:firebase_core] AndroidManifest.xml:13:17-82
121            <meta-data
121-->[com.google.firebase:firebase-perf:20.5.1] AndroidManifest.xml:14:13-16:85
122                android:name="com.google.firebase.components:com.google.firebase.perf.FirebasePerfKtxRegistrar"
122-->[com.google.firebase:firebase-perf:20.5.1] AndroidManifest.xml:15:17-112
123                android:value="com.google.firebase.components.ComponentRegistrar" />
123-->[com.google.firebase:firebase-perf:20.5.1] AndroidManifest.xml:16:17-82
124            <meta-data
124-->[com.google.firebase:firebase-perf:20.5.1] AndroidManifest.xml:17:13-19:85
125                android:name="com.google.firebase.components:com.google.firebase.perf.FirebasePerfRegistrar"
125-->[com.google.firebase:firebase-perf:20.5.1] AndroidManifest.xml:18:17-109
126                android:value="com.google.firebase.components.ComponentRegistrar" />
126-->[com.google.firebase:firebase-perf:20.5.1] AndroidManifest.xml:19:17-82
127            <meta-data
127-->[com.google.firebase:firebase-sessions:1.2.0] AndroidManifest.xml:29:13-31:85
128                android:name="com.google.firebase.components:com.google.firebase.sessions.FirebaseSessionsRegistrar"
128-->[com.google.firebase:firebase-sessions:1.2.0] AndroidManifest.xml:30:17-117
129                android:value="com.google.firebase.components.ComponentRegistrar" />
129-->[com.google.firebase:firebase-sessions:1.2.0] AndroidManifest.xml:31:17-82
130            <meta-data
130-->[com.google.firebase:firebase-auth:22.3.1] AndroidManifest.xml:69:13-71:85
131                android:name="com.google.firebase.components:com.google.firebase.auth.FirebaseAuthRegistrar"
131-->[com.google.firebase:firebase-auth:22.3.1] AndroidManifest.xml:70:17-109
132                android:value="com.google.firebase.components.ComponentRegistrar" />
132-->[com.google.firebase:firebase-auth:22.3.1] AndroidManifest.xml:71:17-82
133            <meta-data
133-->[com.google.firebase:firebase-firestore:24.10.1] AndroidManifest.xml:17:13-19:85
134                android:name="com.google.firebase.components:com.google.firebase.firestore.FirebaseFirestoreKtxRegistrar"
134-->[com.google.firebase:firebase-firestore:24.10.1] AndroidManifest.xml:18:17-122
135                android:value="com.google.firebase.components.ComponentRegistrar" />
135-->[com.google.firebase:firebase-firestore:24.10.1] AndroidManifest.xml:19:17-82
136            <meta-data
136-->[com.google.firebase:firebase-firestore:24.10.1] AndroidManifest.xml:20:13-22:85
137                android:name="com.google.firebase.components:com.google.firebase.firestore.FirestoreRegistrar"
137-->[com.google.firebase:firebase-firestore:24.10.1] AndroidManifest.xml:21:17-111
138                android:value="com.google.firebase.components.ComponentRegistrar" />
138-->[com.google.firebase:firebase-firestore:24.10.1] AndroidManifest.xml:22:17-82
139            <meta-data
139-->[com.google.firebase:firebase-storage:20.3.0] AndroidManifest.xml:30:13-32:85
140                android:name="com.google.firebase.components:com.google.firebase.storage.FirebaseStorageKtxRegistrar"
140-->[com.google.firebase:firebase-storage:20.3.0] AndroidManifest.xml:31:17-118
141                android:value="com.google.firebase.components.ComponentRegistrar" />
141-->[com.google.firebase:firebase-storage:20.3.0] AndroidManifest.xml:32:17-82
142            <meta-data
142-->[com.google.firebase:firebase-storage:20.3.0] AndroidManifest.xml:33:13-35:85
143                android:name="com.google.firebase.components:com.google.firebase.storage.StorageRegistrar"
143-->[com.google.firebase:firebase-storage:20.3.0] AndroidManifest.xml:34:17-107
144                android:value="com.google.firebase.components.ComponentRegistrar" />
144-->[com.google.firebase:firebase-storage:20.3.0] AndroidManifest.xml:35:17-82
145            <meta-data
145-->[com.google.firebase:firebase-config:21.6.0] AndroidManifest.xml:29:13-31:85
146                android:name="com.google.firebase.components:com.google.firebase.remoteconfig.FirebaseRemoteConfigKtxRegistrar"
146-->[com.google.firebase:firebase-config:21.6.0] AndroidManifest.xml:30:17-128
147                android:value="com.google.firebase.components.ComponentRegistrar" />
147-->[com.google.firebase:firebase-config:21.6.0] AndroidManifest.xml:31:17-82
148            <meta-data
148-->[com.google.firebase:firebase-config:21.6.0] AndroidManifest.xml:32:13-34:85
149                android:name="com.google.firebase.components:com.google.firebase.remoteconfig.RemoteConfigRegistrar"
149-->[com.google.firebase:firebase-config:21.6.0] AndroidManifest.xml:33:17-117
150                android:value="com.google.firebase.components.ComponentRegistrar" />
150-->[com.google.firebase:firebase-config:21.6.0] AndroidManifest.xml:34:17-82
151            <meta-data
151-->[com.google.firebase:firebase-installations:17.2.0] AndroidManifest.xml:15:13-17:85
152                android:name="com.google.firebase.components:com.google.firebase.installations.FirebaseInstallationsKtxRegistrar"
152-->[com.google.firebase:firebase-installations:17.2.0] AndroidManifest.xml:16:17-130
153                android:value="com.google.firebase.components.ComponentRegistrar" />
153-->[com.google.firebase:firebase-installations:17.2.0] AndroidManifest.xml:17:17-82
154            <meta-data
154-->[com.google.firebase:firebase-installations:17.2.0] AndroidManifest.xml:18:13-20:85
155                android:name="com.google.firebase.components:com.google.firebase.installations.FirebaseInstallationsRegistrar"
155-->[com.google.firebase:firebase-installations:17.2.0] AndroidManifest.xml:19:17-127
156                android:value="com.google.firebase.components.ComponentRegistrar" />
156-->[com.google.firebase:firebase-installations:17.2.0] AndroidManifest.xml:20:17-82
157            <meta-data
157-->[com.google.firebase:firebase-appcheck:17.1.1] AndroidManifest.xml:25:13-27:85
158                android:name="com.google.firebase.components:com.google.firebase.appcheck.FirebaseAppCheckKtxRegistrar"
158-->[com.google.firebase:firebase-appcheck:17.1.1] AndroidManifest.xml:26:17-120
159                android:value="com.google.firebase.components.ComponentRegistrar" />
159-->[com.google.firebase:firebase-appcheck:17.1.1] AndroidManifest.xml:27:17-82
160            <meta-data
160-->[com.google.firebase:firebase-appcheck:17.1.1] AndroidManifest.xml:28:13-30:85
161                android:name="com.google.firebase.components:com.google.firebase.appcheck.FirebaseAppCheckRegistrar"
161-->[com.google.firebase:firebase-appcheck:17.1.1] AndroidManifest.xml:29:17-117
162                android:value="com.google.firebase.components.ComponentRegistrar" />
162-->[com.google.firebase:firebase-appcheck:17.1.1] AndroidManifest.xml:30:17-82
163            <meta-data
163-->[com.google.firebase:firebase-common-ktx:20.4.2] AndroidManifest.xml:12:13-14:85
164                android:name="com.google.firebase.components:com.google.firebase.ktx.FirebaseCommonLegacyRegistrar"
164-->[com.google.firebase:firebase-common-ktx:20.4.2] AndroidManifest.xml:13:17-116
165                android:value="com.google.firebase.components.ComponentRegistrar" />
165-->[com.google.firebase:firebase-common-ktx:20.4.2] AndroidManifest.xml:14:17-82
166            <meta-data
166-->[com.google.firebase:firebase-datatransport:18.1.8] AndroidManifest.xml:27:13-29:85
167                android:name="com.google.firebase.components:com.google.firebase.datatransport.TransportRegistrar"
167-->[com.google.firebase:firebase-datatransport:18.1.8] AndroidManifest.xml:28:17-115
168                android:value="com.google.firebase.components.ComponentRegistrar" />
168-->[com.google.firebase:firebase-datatransport:18.1.8] AndroidManifest.xml:29:17-82
169            <meta-data
169-->[com.google.firebase:firebase-common:20.4.2] AndroidManifest.xml:35:13-37:85
170                android:name="com.google.firebase.components:com.google.firebase.FirebaseCommonKtxRegistrar"
170-->[com.google.firebase:firebase-common:20.4.2] AndroidManifest.xml:36:17-109
171                android:value="com.google.firebase.components.ComponentRegistrar" />
171-->[com.google.firebase:firebase-common:20.4.2] AndroidManifest.xml:37:17-82
172            <meta-data
172-->[com.google.firebase:firebase-abt:21.1.1] AndroidManifest.xml:12:13-14:85
173                android:name="com.google.firebase.components:com.google.firebase.abt.component.AbtRegistrar"
173-->[com.google.firebase:firebase-abt:21.1.1] AndroidManifest.xml:13:17-109
174                android:value="com.google.firebase.components.ComponentRegistrar" />
174-->[com.google.firebase:firebase-abt:21.1.1] AndroidManifest.xml:14:17-82
175        </service>
176
177        <provider
177-->[:image_picker_android] AndroidManifest.xml:10:9-18:20
178            android:name="io.flutter.plugins.imagepicker.ImagePickerFileProvider"
178-->[:image_picker_android] AndroidManifest.xml:11:13-82
179            android:authorities="com.mycompany.azureai.flutter.image_provider"
179-->[:image_picker_android] AndroidManifest.xml:12:13-74
180            android:exported="false"
180-->[:image_picker_android] AndroidManifest.xml:13:13-37
181            android:grantUriPermissions="true" >
181-->[:image_picker_android] AndroidManifest.xml:14:13-47
182            <meta-data
182-->[:image_picker_android] AndroidManifest.xml:15:13-17:75
183                android:name="android.support.FILE_PROVIDER_PATHS"
183-->[:image_picker_android] AndroidManifest.xml:16:17-67
184                android:resource="@xml/flutter_image_picker_file_paths" />
184-->[:image_picker_android] AndroidManifest.xml:17:17-72
185        </provider>
186
187        <activity
187-->[:url_launcher_android] AndroidManifest.xml:10:9-13:74
188            android:name="io.flutter.plugins.urllauncher.WebViewActivity"
188-->[:url_launcher_android] AndroidManifest.xml:11:13-74
189            android:exported="false"
189-->[:url_launcher_android] AndroidManifest.xml:12:13-37
190            android:theme="@android:style/Theme.NoTitleBar.Fullscreen" />
190-->[:url_launcher_android] AndroidManifest.xml:13:13-71
191
192        <service
192-->[com.google.firebase:firebase-sessions:1.2.0] AndroidManifest.xml:22:9-25:40
193            android:name="com.google.firebase.sessions.SessionLifecycleService"
193-->[com.google.firebase:firebase-sessions:1.2.0] AndroidManifest.xml:23:13-80
194            android:enabled="true"
194-->[com.google.firebase:firebase-sessions:1.2.0] AndroidManifest.xml:24:13-35
195            android:exported="false" />
195-->[com.google.firebase:firebase-sessions:1.2.0] AndroidManifest.xml:25:13-37
196
197        <activity
197-->[com.google.firebase:firebase-auth:22.3.1] AndroidManifest.xml:29:9-46:20
198            android:name="com.google.firebase.auth.internal.GenericIdpActivity"
198-->[com.google.firebase:firebase-auth:22.3.1] AndroidManifest.xml:30:13-80
199            android:excludeFromRecents="true"
199-->[com.google.firebase:firebase-auth:22.3.1] AndroidManifest.xml:31:13-46
200            android:exported="true"
200-->[com.google.firebase:firebase-auth:22.3.1] AndroidManifest.xml:32:13-36
201            android:launchMode="singleTask"
201-->[com.google.firebase:firebase-auth:22.3.1] AndroidManifest.xml:33:13-44
202            android:theme="@android:style/Theme.Translucent.NoTitleBar" >
202-->[com.google.firebase:firebase-auth:22.3.1] AndroidManifest.xml:34:13-72
203            <intent-filter>
203-->[com.google.firebase:firebase-auth:22.3.1] AndroidManifest.xml:35:13-45:29
204                <action android:name="android.intent.action.VIEW" />
204-->src/main/AndroidManifest.xml:50:17-69
204-->src/main/AndroidManifest.xml:50:25-66
205
206                <category android:name="android.intent.category.DEFAULT" />
206-->src/main/AndroidManifest.xml:51:17-76
206-->src/main/AndroidManifest.xml:51:27-73
207                <category android:name="android.intent.category.BROWSABLE" />
207-->src/main/AndroidManifest.xml:52:17-78
207-->src/main/AndroidManifest.xml:52:27-75
208
209                <data
209-->src/main/AndroidManifest.xml:53:17-77
210                    android:host="firebase.auth"
210-->src/main/AndroidManifest.xml:53:48-74
211                    android:path="/"
212                    android:scheme="genericidp" />
212-->src/main/AndroidManifest.xml:53:23-47
213            </intent-filter>
214        </activity>
215        <activity
215-->[com.google.firebase:firebase-auth:22.3.1] AndroidManifest.xml:47:9-64:20
216            android:name="com.google.firebase.auth.internal.RecaptchaActivity"
216-->[com.google.firebase:firebase-auth:22.3.1] AndroidManifest.xml:48:13-79
217            android:excludeFromRecents="true"
217-->[com.google.firebase:firebase-auth:22.3.1] AndroidManifest.xml:49:13-46
218            android:exported="true"
218-->[com.google.firebase:firebase-auth:22.3.1] AndroidManifest.xml:50:13-36
219            android:launchMode="singleTask"
219-->[com.google.firebase:firebase-auth:22.3.1] AndroidManifest.xml:51:13-44
220            android:theme="@android:style/Theme.Translucent.NoTitleBar" >
220-->[com.google.firebase:firebase-auth:22.3.1] AndroidManifest.xml:52:13-72
221            <intent-filter>
221-->[com.google.firebase:firebase-auth:22.3.1] AndroidManifest.xml:53:13-63:29
222                <action android:name="android.intent.action.VIEW" />
222-->src/main/AndroidManifest.xml:50:17-69
222-->src/main/AndroidManifest.xml:50:25-66
223
224                <category android:name="android.intent.category.DEFAULT" />
224-->src/main/AndroidManifest.xml:51:17-76
224-->src/main/AndroidManifest.xml:51:27-73
225                <category android:name="android.intent.category.BROWSABLE" />
225-->src/main/AndroidManifest.xml:52:17-78
225-->src/main/AndroidManifest.xml:52:27-75
226
227                <data
227-->src/main/AndroidManifest.xml:53:17-77
228                    android:host="firebase.auth"
228-->src/main/AndroidManifest.xml:53:48-74
229                    android:path="/"
230                    android:scheme="recaptcha" />
230-->src/main/AndroidManifest.xml:53:23-47
231            </intent-filter>
232        </activity>
233
234        <service
234-->[com.google.android.datatransport:transport-backend-cct:3.1.9] AndroidManifest.xml:28:9-34:19
235            android:name="com.google.android.datatransport.runtime.backends.TransportBackendDiscovery"
235-->[com.google.android.datatransport:transport-backend-cct:3.1.9] AndroidManifest.xml:29:13-103
236            android:exported="false" >
236-->[com.google.android.datatransport:transport-backend-cct:3.1.9] AndroidManifest.xml:30:13-37
237            <meta-data
237-->[com.google.android.datatransport:transport-backend-cct:3.1.9] AndroidManifest.xml:31:13-33:39
238                android:name="backend:com.google.android.datatransport.cct.CctBackendFactory"
238-->[com.google.android.datatransport:transport-backend-cct:3.1.9] AndroidManifest.xml:32:17-94
239                android:value="cct" />
239-->[com.google.android.datatransport:transport-backend-cct:3.1.9] AndroidManifest.xml:33:17-36
240        </service>
241
242        <activity
242-->[com.google.android.gms:play-services-auth:20.7.0] AndroidManifest.xml:23:9-27:75
243            android:name="com.google.android.gms.auth.api.signin.internal.SignInHubActivity"
243-->[com.google.android.gms:play-services-auth:20.7.0] AndroidManifest.xml:24:13-93
244            android:excludeFromRecents="true"
244-->[com.google.android.gms:play-services-auth:20.7.0] AndroidManifest.xml:25:13-46
245            android:exported="false"
245-->[com.google.android.gms:play-services-auth:20.7.0] AndroidManifest.xml:26:13-37
246            android:theme="@android:style/Theme.Translucent.NoTitleBar" />
246-->[com.google.android.gms:play-services-auth:20.7.0] AndroidManifest.xml:27:13-72
247        <!--
248            Service handling Google Sign-In user revocation. For apps that do not integrate with
249            Google Sign-In, this service will never be started.
250        -->
251        <service
251-->[com.google.android.gms:play-services-auth:20.7.0] AndroidManifest.xml:33:9-37:51
252            android:name="com.google.android.gms.auth.api.signin.RevocationBoundService"
252-->[com.google.android.gms:play-services-auth:20.7.0] AndroidManifest.xml:34:13-89
253            android:exported="true"
253-->[com.google.android.gms:play-services-auth:20.7.0] AndroidManifest.xml:35:13-36
254            android:permission="com.google.android.gms.auth.api.signin.permission.REVOCATION_NOTIFICATION"
254-->[com.google.android.gms:play-services-auth:20.7.0] AndroidManifest.xml:36:13-107
255            android:visibleToInstantApps="true" />
255-->[com.google.android.gms:play-services-auth:20.7.0] AndroidManifest.xml:37:13-48
256
257        <activity
257-->[com.google.android.gms:play-services-base:18.0.1] AndroidManifest.xml:20:9-22:45
258            android:name="com.google.android.gms.common.api.GoogleApiActivity"
258-->[com.google.android.gms:play-services-base:18.0.1] AndroidManifest.xml:20:19-85
259            android:exported="false"
259-->[com.google.android.gms:play-services-base:18.0.1] AndroidManifest.xml:22:19-43
260            android:theme="@android:style/Theme.Translucent.NoTitleBar" />
260-->[com.google.android.gms:play-services-base:18.0.1] AndroidManifest.xml:21:19-78
261
262        <provider
262-->[com.google.firebase:firebase-common:20.4.2] AndroidManifest.xml:23:9-28:39
263            android:name="com.google.firebase.provider.FirebaseInitProvider"
263-->[com.google.firebase:firebase-common:20.4.2] AndroidManifest.xml:24:13-77
264            android:authorities="com.mycompany.azureai.firebaseinitprovider"
264-->[com.google.firebase:firebase-common:20.4.2] AndroidManifest.xml:25:13-72
265            android:directBootAware="true"
265-->[com.google.firebase:firebase-common:20.4.2] AndroidManifest.xml:26:13-43
266            android:exported="false"
266-->[com.google.firebase:firebase-common:20.4.2] AndroidManifest.xml:27:13-37
267            android:initOrder="100" />
267-->[com.google.firebase:firebase-common:20.4.2] AndroidManifest.xml:28:13-36
268
269        <meta-data
269-->[com.google.android.gms:play-services-basement:18.2.0] AndroidManifest.xml:21:9-23:69
270            android:name="com.google.android.gms.version"
270-->[com.google.android.gms:play-services-basement:18.2.0] AndroidManifest.xml:22:13-58
271            android:value="@integer/google_play_services_version" />
271-->[com.google.android.gms:play-services-basement:18.2.0] AndroidManifest.xml:23:13-66
272
273        <uses-library
273-->[androidx.window:window:1.0.0-beta04] AndroidManifest.xml:25:9-27:40
274            android:name="androidx.window.extensions"
274-->[androidx.window:window:1.0.0-beta04] AndroidManifest.xml:26:13-54
275            android:required="false" />
275-->[androidx.window:window:1.0.0-beta04] AndroidManifest.xml:27:13-37
276        <uses-library
276-->[androidx.window:window:1.0.0-beta04] AndroidManifest.xml:28:9-30:40
277            android:name="androidx.window.sidecar"
277-->[androidx.window:window:1.0.0-beta04] AndroidManifest.xml:29:13-51
278            android:required="false" />
278-->[androidx.window:window:1.0.0-beta04] AndroidManifest.xml:30:13-37
279
280        <provider
280-->[androidx.lifecycle:lifecycle-process:2.6.1] AndroidManifest.xml:24:9-32:20
281            android:name="androidx.startup.InitializationProvider"
281-->[androidx.lifecycle:lifecycle-process:2.6.1] AndroidManifest.xml:25:13-67
282            android:authorities="com.mycompany.azureai.androidx-startup"